<?xml version="1.0" encoding="UTF-8"?>
<testng-results ignored="0" total="2" passed="2" failed="0" skipped="0">
  <reporter-output>
  </reporter-output>
  <suite started-at="2021-04-30T16:12:12 MDT" name="ToolsQAProject" finished-at="2021-04-30T16:12:34 MDT" duration-ms="21968">
    <groups>
    </groups>
    <test started-at="2021-04-30T16:12:12 MDT" name="ToolsQA Test" finished-at="2021-04-30T16:12:34 MDT" duration-ms="21968">
      <class name="com.ToolsQA.testCases.TC_LoginPageTest_001">
        <test-method is-config="true" signature="setUp(java.lang.String)[pri:0, instance:com.ToolsQA.testCases.TC_LoginPageTest_001@58d75e99]" started-at="2021-04-30T16:12:12 MDT" name="setUp" finished-at="2021-04-30T16:12:20 MDT" duration-ms="7596" status="PASS">
          <params>
            <param index="0">
              <value>
                <![CDATA[firefox]]>
              </value>
            </param>
          </params>
          <reporter-output>
          </reporter-output>
        </test-method> <!-- setUp -->
        <test-method signature="loginTest()[pri:0, instance:com.ToolsQA.testCases.TC_LoginPageTest_001@58d75e99]" started-at="2021-04-30T16:12:20 MDT" name="loginTest" finished-at="2021-04-30T16:12:21 MDT" duration-ms="1014" status="PASS">
          <reporter-output>
          </reporter-output>
        </test-method> <!-- loginTest -->
        <test-method is-config="true" signature="tearDown()[pri:0, instance:com.ToolsQA.testCases.TC_LoginPageTest_001@58d75e99]" started-at="2021-04-30T16:12:21 MDT" name="tearDown" finished-at="2021-04-30T16:12:22 MDT" duration-ms="843" status="PASS">
          <reporter-output>
          </reporter-output>
        </test-method> <!-- tearDown -->
      </class> <!-- com.ToolsQA.testCases.TC_LoginPageTest_001 -->
      <class name="com.ToolsQA.testCases.TC_NewUserTest_002">
        <test-method is-config="true" signature="setUp(java.lang.String)[pri:0, instance:com.ToolsQA.testCases.TC_NewUserTest_002@e15b7e8]" started-at="2021-04-30T16:12:22 MDT" name="setUp" finished-at="2021-04-30T16:12:27 MDT" duration-ms="5265" status="PASS">
          <params>
            <param index="0">
              <value>
                <![CDATA[firefox]]>
              </value>
            </param>
          </params>
          <reporter-output>
          </reporter-output>
        </test-method> <!-- setUp -->
        <test-method signature="loginTest()[pri:0, instance:com.ToolsQA.testCases.TC_NewUserTest_002@e15b7e8]" started-at="2021-04-30T16:12:27 MDT" name="loginTest" finished-at="2021-04-30T16:12:33 MDT" duration-ms="6432" status="PASS">
          <reporter-output>
          </reporter-output>
        </test-method> <!-- loginTest -->
        <test-method is-config="true" signature="tearDown()[pri:0, instance:com.ToolsQA.testCases.TC_NewUserTest_002@e15b7e8]" started-at="2021-04-30T16:12:33 MDT" name="tearDown" finished-at="2021-04-30T16:12:34 MDT" duration-ms="778" status="PASS">
          <reporter-output>
          </reporter-output>
        </test-method> <!-- tearDown -->
      </class> <!-- com.ToolsQA.testCases.TC_NewUserTest_002 -->
    </test> <!-- ToolsQA Test -->
  </suite> <!-- ToolsQAProject -->
</testng-results>
